2021-11-08T06:55:42+00:00 CRITICAL Uncaught TypeError: array_column(): Argument #1 ($array) must be of type array, string given in C:\xampp\htdocs\tech_store\wp-content\plugins\woocommerce\packages\woocommerce-admin\src\RemoteInboxNotifications\Transformers\ArrayColumn.php:27
Stack trace:
#0 C:\xampp\htdocs\tech_store\wp-content\plugins\woocommerce\packages\woocommerce-admin\src\RemoteInboxNotifications\Transformers\ArrayColumn.php(27): array_column('', 'slug')
#1 C:\xampp\htdocs\tech_store\wp-content\plugins\woocommerce\packages\woocommerce-admin\src\RemoteInboxNotifications\TransformerService.php(59): Automattic\WooCommerce\Admin\RemoteInboxNotifications\Transformers\ArrayColumn->transform('', Object(stdClass), '')
#2 C:\xampp\htdocs\tech_store\wp-content\plugins\woocommerce\packages\woocommerce-admin\src\RemoteInboxNotifications\OptionRuleProcessor.php(45): Automattic\WooCommerce\Admin\RemoteInboxNotifications\TransformerService::apply('', Array, '')
#3 C:\xampp\htdocs\tech_store\wp-content\plugins\woocommerce\packages\woocommerce-admin\src\RemoteInboxNotifications\RuleEvaluator.php(62): Automattic\WooCommerce\Admin\RemoteInboxNotifications\OptionRuleProcessor->process(Object(stdClass), NULL)
#4 C:\xampp\htdocs\tech_store\wp-content\plugins\woocommerce\packages\woocommerce-admin\src\Features\RemoteFreeExtensions\EvaluateExtension.php(27): Automattic\WooCommerce\Admin\RemoteInboxNotifications\RuleEvaluator->evaluate(Array)
#5 C:\xampp\htdocs\tech_store\wp-content\plugins\woocommerce\packages\woocommerce-admin\src\Features\RemoteFreeExtensions\Init.php(48): Automattic\WooCommerce\Admin\Features\RemoteFreeExtensions\EvaluateExtension::evaluate(Object(stdClass))
#6 C:\xampp\htdocs\tech_store\wp-content\plugins\woocommerce\packages\woocommerce-admin\src\API\OnboardingFreeExtensions.php(75): Automattic\WooCommerce\Admin\Features\RemoteFreeExtensions\Init::get_extensions()
#7 C:\xampp\htdocs\tech_store\wp-includes\rest-api\class-wp-rest-server.php(1140): Automattic\WooCommerce\Admin\API\OnboardingFreeExtensions->get_available_extensions(Object(WP_REST_Request))
#8 C:\xampp\htdocs\tech_store\wp-includes\rest-api\class-wp-rest-server.php(987): WP_REST_Server->respond_to_request(Object(WP_REST_Request), '/wc-admin/onboa...', Array, NULL)
#9 C:\xampp\htdocs\tech_store\wp-includes\rest-api\class-wp-rest-server.php(414): WP_REST_Server->dispatch(Object(WP_REST_Request))
#10 C:\xampp\htdocs\tech_store\wp-includes\rest-api.php(370): WP_REST_Server->serve_request('/wc-admin/onboa...')
#11 C:\xampp\htdocs\tech_store\wp-includes\class-wp-hook.php(303): rest_api_loaded(Object(WP))
#12 C:\xampp\htdocs\tech_store\wp-includes\class-wp-hook.php(327): WP_Hook->apply_filters(NULL, Array)
#13 C:\xampp\htdocs\tech_store\wp-includes\plugin.php(518): WP_Hook->do_action(Array)
#14 C:\xampp\htdocs\tech_store\wp-includes\class-wp.php(388): do_action_ref_array('parse_request', Array)
#15 C:\xampp\htdocs\tech_store\wp-includes\class-wp.php(750): WP->parse_request('')
#16 C:\xampp\htdocs\tech_store\wp-includes\functions.php(1291): WP->main('')
#17 C:\xampp\htdocs\tech_store\wp-blog-header.php(16): wp()
#18 C:\xampp\htdocs\tech_store\index.php(17): require('C:\\xampp\\htdocs...')
#19 {main}
  thrown in C:\xampp\htdocs\tech_store\wp-content\plugins\woocommerce\packages\woocommerce-admin\src\RemoteInboxNotifications\Transformers\ArrayColumn.php on line 27

2021-11-08T06:57:47+00:00 CRITICAL Uncaught TypeError: fclose(): Argument #1 ($stream) must be of type resource, bool given in C:\xampp\htdocs\tech_store\wp-content\plugins\cartflows\classes\logger\class-cartflows-log-handler-file.php:147
Stack trace:
#0 C:\xampp\htdocs\tech_store\wp-content\plugins\cartflows\classes\logger\class-cartflows-log-handler-file.php(147): fclose(false)
#1 C:\xampp\htdocs\tech_store\wp-content\plugins\cartflows\classes\logger\class-cartflows-log-handler-file.php(207): Cartflows_Log_Handler_File->open('cartflows')
#2 C:\xampp\htdocs\tech_store\wp-content\plugins\cartflows\classes\logger\class-cartflows-log-handler-file.php(99): Cartflows_Log_Handler_File->add('2021-11-08T06:5...', 'cartflows')
#3 C:\xampp\htdocs\tech_store\wp-content\plugins\cartflows\classes\logger\class-cartflows-wc-logger.php(144): Cartflows_Log_Handler_File->handle(1636354667, 'info', 'Start-Cartflows...', Array)
#4 C:\xampp\htdocs\tech_store\wp-content\plugins\cartflows\classes\class-cartflows-logger.php(80): Cartflows_WC_Logger->log('info', 'Start-Cartflows...', Array)
#5 C:\xampp\htdocs\tech_store\wp-content\plugins\cartflows\classes\class-cartflows-frontend.php(61): Cartflows_Logger->log('Start-Cartflows...')
#6 C:\xampp\htdocs\tech_store\wp-includes\class-wp-hook.php(303): Cartflows_Frontend->redirect_to_thankyou_page('http://localhos...', Object(Automattic\WooCommerce\Admin\Overrides\Order))
#7 C:\xampp\htdocs\tech_store\wp-includes\plugin.php(189): WP_Hook->apply_filters('http://localhos...', Array)
#8 C:\xampp\htdocs\tech_store\wp-content\plugins\woocommerce\includes\class-wc-order.php(1608): apply_filters('woocommerce_get...', 'http://localhos...', Object(Automattic\WooCommerce\Admin\Overrides\Order))
#9 C:\xampp\htdocs\tech_store\wp-content\plugins\woocommerce\includes\abstracts\abstract-wc-payment-gateway.php(226): WC_Order->get_checkout_order_received_url()
#10 C:\xampp\htdocs\tech_store\wp-content\plugins\woocommerce\includes\gateways\cod\class-wc-gateway-cod.php(337): WC_Payment_Gateway->get_return_url(Object(Automattic\WooCommerce\Admin\Overrides\Order))
#11 C:\xampp\htdocs\tech_store\wp-content\plugins\woocommerce\includes\class-wc-checkout.php(980): WC_Gateway_COD->process_payment(3256)
#12 C:\xampp\htdocs\tech_store\wp-content\plugins\woocommerce\includes\class-wc-checkout.php(1195): WC_Checkout->process_order_payment(3256, 'cod')
#13 C:\xampp\htdocs\tech_store\wp-content\plugins\woocommerce\includes\class-wc-ajax.php(466): WC_Checkout->process_checkout()
#14 C:\xampp\htdocs\tech_store\wp-includes\class-wp-hook.php(303): WC_AJAX::checkout('')
#15 C:\xampp\htdocs\tech_store\wp-includes\class-wp-hook.php(327): WP_Hook->apply_filters('', Array)
#16 C:\xampp\htdocs\tech_store\wp-includes\plugin.php(470): WP_Hook->do_action(Array)
#17 C:\xampp\htdocs\tech_store\wp-content\plugins\woocommerce\includes\class-wc-ajax.php(90): do_action('wc_ajax_checkou...')
#18 C:\xampp\htdocs\tech_store\wp-includes\class-wp-hook.php(303): WC_AJAX::do_wc_ajax('')
#19 C:\xampp\htdocs\tech_store\wp-includes\class-wp-hook.php(327): WP_Hook->apply_filters(false, Array)
#20 C:\xampp\htdocs\tech_store\wp-includes\plugin.php(470): WP_Hook->do_action(Array)
#21 C:\xampp\htdocs\tech_store\wp-includes\template-loader.php(13): do_action('template_redire...')
#22 C:\xampp\htdocs\tech_store\wp-blog-header.php(19): require_once('C:\\xampp\\htdocs...')
#23 C:\xampp\htdocs\tech_store\index.php(17): require('C:\\xampp\\htdocs...')
#24 {main}
  thrown in C:\xampp\htdocs\tech_store\wp-content\plugins\cartflows\classes\logger\class-cartflows-log-handler-file.php on line 147

2021-11-08T07:32:07+00:00 CRITICAL Uncaught TypeError: fclose(): Argument #1 ($stream) must be of type resource, bool given in C:\xampp\htdocs\tech_store\wp-content\plugins\cartflows\classes\logger\class-cartflows-log-handler-file.php:147
Stack trace:
#0 C:\xampp\htdocs\tech_store\wp-content\plugins\cartflows\classes\logger\class-cartflows-log-handler-file.php(147): fclose(false)
#1 C:\xampp\htdocs\tech_store\wp-content\plugins\cartflows\classes\logger\class-cartflows-log-handler-file.php(207): Cartflows_Log_Handler_File->open('cartflows')
#2 C:\xampp\htdocs\tech_store\wp-content\plugins\cartflows\classes\logger\class-cartflows-log-handler-file.php(99): Cartflows_Log_Handler_File->add('2021-11-08T07:3...', 'cartflows')
#3 C:\xampp\htdocs\tech_store\wp-content\plugins\cartflows\classes\logger\class-cartflows-wc-logger.php(144): Cartflows_Log_Handler_File->handle(1636356727, 'info', 'Start-Cartflows...', Array)
#4 C:\xampp\htdocs\tech_store\wp-content\plugins\cartflows\classes\class-cartflows-logger.php(80): Cartflows_WC_Logger->log('info', 'Start-Cartflows...', Array)
#5 C:\xampp\htdocs\tech_store\wp-content\plugins\cartflows\classes\class-cartflows-frontend.php(61): Cartflows_Logger->log('Start-Cartflows...')
#6 C:\xampp\htdocs\tech_store\wp-includes\class-wp-hook.php(303): Cartflows_Frontend->redirect_to_thankyou_page('http://localhos...', Object(Automattic\WooCommerce\Admin\Overrides\Order))
#7 C:\xampp\htdocs\tech_store\wp-includes\plugin.php(189): WP_Hook->apply_filters('http://localhos...', Array)
#8 C:\xampp\htdocs\tech_store\wp-content\plugins\woocommerce\includes\class-wc-order.php(1608): apply_filters('woocommerce_get...', 'http://localhos...', Object(Automattic\WooCommerce\Admin\Overrides\Order))
#9 C:\xampp\htdocs\tech_store\wp-content\plugins\woocommerce\includes\abstracts\abstract-wc-payment-gateway.php(226): WC_Order->get_checkout_order_received_url()
#10 C:\xampp\htdocs\tech_store\wp-content\plugins\woocommerce\includes\gateways\cod\class-wc-gateway-cod.php(337): WC_Payment_Gateway->get_return_url(Object(Automattic\WooCommerce\Admin\Overrides\Order))
#11 C:\xampp\htdocs\tech_store\wp-content\plugins\woocommerce\includes\class-wc-checkout.php(980): WC_Gateway_COD->process_payment(3261)
#12 C:\xampp\htdocs\tech_store\wp-content\plugins\woocommerce\includes\class-wc-checkout.php(1195): WC_Checkout->process_order_payment(3261, 'cod')
#13 C:\xampp\htdocs\tech_store\wp-content\plugins\woocommerce\includes\class-wc-ajax.php(466): WC_Checkout->process_checkout()
#14 C:\xampp\htdocs\tech_store\wp-includes\class-wp-hook.php(303): WC_AJAX::checkout('')
#15 C:\xampp\htdocs\tech_store\wp-includes\class-wp-hook.php(327): WP_Hook->apply_filters('', Array)
#16 C:\xampp\htdocs\tech_store\wp-includes\plugin.php(470): WP_Hook->do_action(Array)
#17 C:\xampp\htdocs\tech_store\wp-content\plugins\woocommerce\includes\class-wc-ajax.php(90): do_action('wc_ajax_checkou...')
#18 C:\xampp\htdocs\tech_store\wp-includes\class-wp-hook.php(303): WC_AJAX::do_wc_ajax('')
#19 C:\xampp\htdocs\tech_store\wp-includes\class-wp-hook.php(327): WP_Hook->apply_filters(false, Array)
#20 C:\xampp\htdocs\tech_store\wp-includes\plugin.php(470): WP_Hook->do_action(Array)
#21 C:\xampp\htdocs\tech_store\wp-includes\template-loader.php(13): do_action('template_redire...')
#22 C:\xampp\htdocs\tech_store\wp-blog-header.php(19): require_once('C:\\xampp\\htdocs...')
#23 C:\xampp\htdocs\tech_store\index.php(17): require('C:\\xampp\\htdocs...')
#24 {main}
  thrown in C:\xampp\htdocs\tech_store\wp-content\plugins\cartflows\classes\logger\class-cartflows-log-handler-file.php on line 147

2021-11-08T08:17:42+00:00 CRITICAL Uncaught TypeError: fclose(): Argument #1 ($stream) must be of type resource, bool given in C:\xampp\htdocs\tech_store\wp-content\plugins\cartflows\classes\logger\class-cartflows-log-handler-file.php:147
Stack trace:
#0 C:\xampp\htdocs\tech_store\wp-content\plugins\cartflows\classes\logger\class-cartflows-log-handler-file.php(147): fclose(false)
#1 C:\xampp\htdocs\tech_store\wp-content\plugins\cartflows\classes\logger\class-cartflows-log-handler-file.php(207): Cartflows_Log_Handler_File->open('cartflows')
#2 C:\xampp\htdocs\tech_store\wp-content\plugins\cartflows\classes\logger\class-cartflows-log-handler-file.php(99): Cartflows_Log_Handler_File->add('2021-11-08T08:1...', 'cartflows')
#3 C:\xampp\htdocs\tech_store\wp-content\plugins\cartflows\classes\logger\class-cartflows-wc-logger.php(144): Cartflows_Log_Handler_File->handle(1636359462, 'info', 'Start-Cartflows...', Array)
#4 C:\xampp\htdocs\tech_store\wp-content\plugins\cartflows\classes\class-cartflows-logger.php(80): Cartflows_WC_Logger->log('info', 'Start-Cartflows...', Array)
#5 C:\xampp\htdocs\tech_store\wp-content\plugins\cartflows\classes\class-cartflows-frontend.php(61): Cartflows_Logger->log('Start-Cartflows...')
#6 C:\xampp\htdocs\tech_store\wp-includes\class-wp-hook.php(303): Cartflows_Frontend->redirect_to_thankyou_page('http://localhos...', Object(Automattic\WooCommerce\Admin\Overrides\Order))
#7 C:\xampp\htdocs\tech_store\wp-includes\plugin.php(189): WP_Hook->apply_filters('http://localhos...', Array)
#8 C:\xampp\htdocs\tech_store\wp-content\plugins\woocommerce\includes\class-wc-order.php(1608): apply_filters('woocommerce_get...', 'http://localhos...', Object(Automattic\WooCommerce\Admin\Overrides\Order))
#9 C:\xampp\htdocs\tech_store\wp-content\plugins\woocommerce\includes\abstracts\abstract-wc-payment-gateway.php(226): WC_Order->get_checkout_order_received_url()
#10 C:\xampp\htdocs\tech_store\wp-content\plugins\woocommerce\includes\gateways\cod\class-wc-gateway-cod.php(337): WC_Payment_Gateway->get_return_url(Object(Automattic\WooCommerce\Admin\Overrides\Order))
#11 C:\xampp\htdocs\tech_store\wp-content\plugins\woocommerce\includes\class-wc-checkout.php(980): WC_Gateway_COD->process_payment(3262)
#12 C:\xampp\htdocs\tech_store\wp-content\plugins\woocommerce\includes\class-wc-checkout.php(1195): WC_Checkout->process_order_payment(3262, 'cod')
#13 C:\xampp\htdocs\tech_store\wp-content\plugins\woocommerce\includes\class-wc-ajax.php(466): WC_Checkout->process_checkout()
#14 C:\xampp\htdocs\tech_store\wp-includes\class-wp-hook.php(303): WC_AJAX::checkout('')
#15 C:\xampp\htdocs\tech_store\wp-includes\class-wp-hook.php(327): WP_Hook->apply_filters('', Array)
#16 C:\xampp\htdocs\tech_store\wp-includes\plugin.php(470): WP_Hook->do_action(Array)
#17 C:\xampp\htdocs\tech_store\wp-content\plugins\woocommerce\includes\class-wc-ajax.php(90): do_action('wc_ajax_checkou...')
#18 C:\xampp\htdocs\tech_store\wp-includes\class-wp-hook.php(303): WC_AJAX::do_wc_ajax('')
#19 C:\xampp\htdocs\tech_store\wp-includes\class-wp-hook.php(327): WP_Hook->apply_filters(false, Array)
#20 C:\xampp\htdocs\tech_store\wp-includes\plugin.php(470): WP_Hook->do_action(Array)
#21 C:\xampp\htdocs\tech_store\wp-includes\template-loader.php(13): do_action('template_redire...')
#22 C:\xampp\htdocs\tech_store\wp-blog-header.php(19): require_once('C:\\xampp\\htdocs...')
#23 C:\xampp\htdocs\tech_store\index.php(17): require('C:\\xampp\\htdocs...')
#24 {main}
  thrown in C:\xampp\htdocs\tech_store\wp-content\plugins\cartflows\classes\logger\class-cartflows-log-handler-file.php on line 147

